mode: set
github.com/xsqrty/op/driver/builder.go:31.53,33.29 2 1
github.com/xsqrty/op/driver/builder.go:33.29,35.3 1 1
github.com/xsqrty/op/driver/builder.go:37.2,37.16 1 1
github.com/xsqrty/op/driver/builder.go:40.52,41.35 1 1
github.com/xsqrty/op/driver/builder.go:41.35,45.3 3 1
github.com/xsqrty/op/driver/builder.go:48.44,49.35 1 1
github.com/xsqrty/op/driver/builder.go:49.35,51.3 1 1
github.com/xsqrty/op/driver/builder.go:54.34,55.35 1 1
github.com/xsqrty/op/driver/builder.go:55.35,57.3 1 1
github.com/xsqrty/op/driver/builder.go:60.45,61.35 1 1
github.com/xsqrty/op/driver/builder.go:61.35,64.3 2 1
github.com/xsqrty/op/driver/builder.go:67.53,68.35 1 1
github.com/xsqrty/op/driver/builder.go:68.35,72.3 3 1
github.com/xsqrty/op/driver/builder.go:75.63,76.35 1 1
github.com/xsqrty/op/driver/builder.go:76.35,78.3 1 1
github.com/xsqrty/op/driver/builder.go:81.75,82.35 1 1
github.com/xsqrty/op/driver/builder.go:82.35,84.3 1 1
github.com/xsqrty/op/driver/builder.go:87.63,89.16 2 1
github.com/xsqrty/op/driver/builder.go:89.16,91.3 1 1
github.com/xsqrty/op/driver/builder.go:93.2,93.38 1 1
github.com/xsqrty/op/driver/builder.go:93.38,99.33 4 1
github.com/xsqrty/op/driver/builder.go:99.33,101.24 2 1
github.com/xsqrty/op/driver/builder.go:101.24,102.23 1 1
github.com/xsqrty/op/driver/builder.go:102.23,103.22 1 1
github.com/xsqrty/op/driver/builder.go:104.35,106.15 2 1
github.com/xsqrty/op/driver/builder.go:110.5,114.12 4 1
github.com/xsqrty/op/driver/builder.go:118.3,119.33 2 1
github.com/xsqrty/op/driver/builder.go:122.2,122.23 1 1
github.com/xsqrty/op/driver/expr.go:8.47,10.2 1 1
github.com/xsqrty/op/driver/expr.go:12.29,14.2 1 1
github.com/xsqrty/op/driver/expr.go:16.58,18.2 1 1
github.com/xsqrty/op/driver/postgres.go:31.58,36.2 1 0
github.com/xsqrty/op/driver/postgres.go:38.42,45.54 1 1
github.com/xsqrty/op/driver/postgres.go:45.54,47.4 1 0
github.com/xsqrty/op/driver/postgres.go:48.44,50.4 1 1
github.com/xsqrty/op/driver/postgres.go:54.62,56.2 1 0
github.com/xsqrty/op/driver/postgres.go:58.97,60.16 2 0
github.com/xsqrty/op/driver/postgres.go:60.16,62.3 1 0
github.com/xsqrty/op/driver/postgres.go:64.2,64.52 1 0
github.com/xsqrty/op/driver/postgres.go:67.85,69.2 1 0
github.com/xsqrty/op/driver/postgres.go:71.92,76.2 2 0
github.com/xsqrty/op/driver/postgres.go:78.51,80.2 1 0
github.com/xsqrty/op/driver/postgres.go:82.61,83.45 1 0
github.com/xsqrty/op/driver/postgres.go:83.45,85.21 2 0
github.com/xsqrty/op/driver/postgres.go:85.21,86.29 1 0
github.com/xsqrty/op/driver/postgres.go:86.29,87.10 1 0
github.com/xsqrty/op/driver/postgres.go:90.4,90.11 1 0
github.com/xsqrty/op/driver/postgres.go:93.3,93.23 1 0
github.com/xsqrty/op/driver/postgres.go:97.38,99.2 1 0
github.com/xsqrty/op/driver/postgres.go:101.42,103.2 1 0
github.com/xsqrty/op/driver/postgres.go:105.51,107.2 1 0
github.com/xsqrty/op/driver/zero.go:18.34,20.2 1 0
github.com/xsqrty/op/driver/zero.go:24.36,26.2 1 0
github.com/xsqrty/op/driver/zero.go:29.50,30.17 1 0
github.com/xsqrty/op/driver/zero.go:30.17,32.3 1 0
github.com/xsqrty/op/driver/zero.go:34.2,34.27 1 0
github.com/xsqrty/op/driver/zero.go:38.43,39.18 1 0
github.com/xsqrty/op/driver/zero.go:39.18,42.3 2 0
github.com/xsqrty/op/driver/zero.go:44.2,44.27 1 0
github.com/xsqrty/op/driver/zero.go:45.17,47.13 2 0
github.com/xsqrty/op/driver/zero.go:48.14,50.17 2 0
github.com/xsqrty/op/driver/zero.go:50.17,52.4 1 0
github.com/xsqrty/op/driver/zero.go:54.3,55.13 2 0
github.com/xsqrty/op/driver/zero.go:56.14,58.17 2 0
github.com/xsqrty/op/driver/zero.go:58.17,60.4 1 0
github.com/xsqrty/op/driver/zero.go:61.3,62.13 2 0
github.com/xsqrty/op/driver/zero.go:65.2,65.59 1 0
github.com/xsqrty/op/driver/zero.go:70.38,72.2 1 0
github.com/xsqrty/op/driver/zero.go:76.40,78.2 1 0
github.com/xsqrty/op/driver/zero.go:81.54,82.17 1 0
github.com/xsqrty/op/driver/zero.go:82.17,84.3 1 0
github.com/xsqrty/op/driver/zero.go:86.2,86.39 1 0
github.com/xsqrty/op/driver/zero.go:90.47,91.18 1 0
github.com/xsqrty/op/driver/zero.go:91.18,94.3 2 0
github.com/xsqrty/op/driver/zero.go:96.2,96.27 1 0
github.com/xsqrty/op/driver/zero.go:97.17,99.13 2 0
github.com/xsqrty/op/driver/zero.go:100.13,101.13 1 0
github.com/xsqrty/op/driver/zero.go:101.13,104.4 2 0
github.com/xsqrty/op/driver/zero.go:105.3,106.13 2 0
github.com/xsqrty/op/driver/zero.go:109.2,109.63 1 0
github.com/xsqrty/op/driver/zero.go:113.53,115.2 1 0
github.com/xsqrty/op/driver/zero.go:118.46,119.18 1 0
github.com/xsqrty/op/driver/zero.go:119.18,122.3 2 0
github.com/xsqrty/op/driver/zero.go:124.2,124.27 1 0
github.com/xsqrty/op/driver/zero.go:125.15,127.13 2 0
github.com/xsqrty/op/driver/zero.go:128.15,130.13 2 0
github.com/xsqrty/op/driver/zero.go:133.2,133.60 1 0
github.com/xsqrty/op/driver/zero.go:137.52,139.2 1 0
github.com/xsqrty/op/driver/zero.go:142.45,143.18 1 0
github.com/xsqrty/op/driver/zero.go:143.18,146.3 2 0
github.com/xsqrty/op/driver/zero.go:148.2,148.27 1 0
github.com/xsqrty/op/driver/zero.go:149.14,151.13 2 0
github.com/xsqrty/op/driver/zero.go:152.14,154.13 2 0
github.com/xsqrty/op/driver/zero.go:157.2,157.61 1 0
github.com/xsqrty/op/driver/zero.go:161.51,163.2 1 0
github.com/xsqrty/op/driver/zero.go:166.44,167.18 1 0
github.com/xsqrty/op/driver/zero.go:167.18,170.3 2 0
github.com/xsqrty/op/driver/zero.go:172.2,172.32 1 0
github.com/xsqrty/op/driver/zero.go:172.32,175.3 2 0
github.com/xsqrty/op/driver/zero.go:177.2,177.60 1 0
github.com/xsqrty/op/driver/zero.go:181.50,183.2 1 0
github.com/xsqrty/op/driver/zero.go:186.43,187.18 1 0
github.com/xsqrty/op/driver/zero.go:187.18,190.3 2 0
github.com/xsqrty/op/driver/zero.go:192.2,192.31 1 0
github.com/xsqrty/op/driver/zero.go:192.31,195.3 2 0
github.com/xsqrty/op/driver/zero.go:197.2,197.59 1 0
github.com/xsqrty/op/array.go:9.38,11.2 1 1
github.com/xsqrty/op/array.go:13.40,15.2 1 1
github.com/xsqrty/op/array.go:17.47,19.2 1 1
github.com/xsqrty/op/array.go:21.40,23.2 1 1
github.com/xsqrty/op/array.go:25.71,27.16 2 1
github.com/xsqrty/op/array.go:27.16,29.3 1 1
github.com/xsqrty/op/array.go:31.2,31.40 1 1
github.com/xsqrty/op/case.go:25.58,27.2 1 1
github.com/xsqrty/op/case.go:29.73,31.2 1 1
github.com/xsqrty/op/case.go:33.58,38.2 1 1
github.com/xsqrty/op/case.go:40.84,45.32 4 1
github.com/xsqrty/op/case.go:45.32,48.17 3 1
github.com/xsqrty/op/case.go:48.17,50.4 1 1
github.com/xsqrty/op/case.go:52.3,57.17 5 1
github.com/xsqrty/op/case.go:57.17,59.4 1 1
github.com/xsqrty/op/case.go:61.3,62.23 2 1
github.com/xsqrty/op/case.go:65.2,67.16 3 1
github.com/xsqrty/op/case.go:67.16,69.3 1 1
github.com/xsqrty/op/case.go:71.2,75.32 4 1
github.com/xsqrty/op/column.go:26.47,28.2 1 1
github.com/xsqrty/op/column.go:30.36,32.2 1 1
github.com/xsqrty/op/column.go:34.72,37.26 3 1
github.com/xsqrty/op/column.go:37.26,39.3 1 1
github.com/xsqrty/op/column.go:41.2,41.32 1 1
github.com/xsqrty/op/column.go:41.32,43.53 2 1
github.com/xsqrty/op/column.go:43.53,45.4 1 1
github.com/xsqrty/op/column.go:47.3,47.21 1 1
github.com/xsqrty/op/column.go:47.21,48.28 1 1
github.com/xsqrty/op/column.go:48.28,50.5 1 1
github.com/xsqrty/op/column.go:52.4,52.33 1 1
github.com/xsqrty/op/column.go:52.33,54.5 1 1
github.com/xsqrty/op/column.go:56.4,56.28 1 1
github.com/xsqrty/op/column.go:56.28,58.5 1 1
github.com/xsqrty/op/column.go:59.9,61.4 1 1
github.com/xsqrty/op/column.go:64.2,64.26 1 1
github.com/xsqrty/op/column.go:64.26,66.3 1 1
github.com/xsqrty/op/column.go:67.2,67.31 1 1
github.com/xsqrty/op/column.go:70.31,72.2 1 1
github.com/xsqrty/op/column.go:74.32,76.2 1 1
github.com/xsqrty/op/column.go:78.31,80.2 1 1
github.com/xsqrty/op/column.go:82.37,84.12 2 1
github.com/xsqrty/op/column.go:84.12,86.3 1 1
github.com/xsqrty/op/column.go:89.72,90.12 1 1
github.com/xsqrty/op/column.go:90.12,91.37 1 1
github.com/xsqrty/op/column.go:91.37,93.4 1 1
github.com/xsqrty/op/column.go:93.9,95.4 1 1
github.com/xsqrty/op/column.go:98.2,99.16 2 1
github.com/xsqrty/op/column.go:99.16,101.3 1 1
github.com/xsqrty/op/column.go:103.2,104.16 2 1
github.com/xsqrty/op/column.go:104.16,106.3 1 1
github.com/xsqrty/op/column.go:108.2,111.23 4 1
github.com/xsqrty/op/column.go:114.78,116.25 2 1
github.com/xsqrty/op/column.go:116.25,118.3 1 1
github.com/xsqrty/op/column.go:120.2,120.36 1 1
github.com/xsqrty/op/column.go:120.36,122.53 2 1
github.com/xsqrty/op/column.go:122.53,124.4 1 1
github.com/xsqrty/op/column.go:126.3,126.19 1 1
github.com/xsqrty/op/column.go:129.2,129.25 1 1
github.com/xsqrty/op/column.go:129.25,131.3 1 1
github.com/xsqrty/op/column.go:133.2,133.31 1 1
github.com/xsqrty/op/column.go:136.39,137.122 1 1
github.com/xsqrty/op/column.go:137.122,139.3 1 1
github.com/xsqrty/op/column.go:141.2,141.14 1 1
github.com/xsqrty/op/conflict.go:12.31,14.2 1 1
github.com/xsqrty/op/conflict.go:16.46,18.2 1 1
github.com/xsqrty/op/conflict.go:20.83,22.16 2 1
github.com/xsqrty/op/conflict.go:22.16,24.3 1 1
github.com/xsqrty/op/conflict.go:26.2,26.37 1 1
github.com/xsqrty/op/count_of.go:27.43,31.2 1 0
github.com/xsqrty/op/count_of.go:33.50,38.2 3 0
github.com/xsqrty/op/count_of.go:40.58,45.2 3 0
github.com/xsqrty/op/count_of.go:47.59,50.2 2 0
github.com/xsqrty/op/count_of.go:52.75,53.44 1 0
github.com/xsqrty/op/count_of.go:53.44,55.3 1 0
github.com/xsqrty/op/count_of.go:55.8,55.34 1 0
github.com/xsqrty/op/count_of.go:55.34,57.3 1 0
github.com/xsqrty/op/count_of.go:57.8,59.3 1 0
github.com/xsqrty/op/count_of.go:61.2,62.16 2 0
github.com/xsqrty/op/count_of.go:62.16,64.3 1 0
github.com/xsqrty/op/count_of.go:66.2,66.26 1 0
github.com/xsqrty/op/delete.go:28.38,30.29 2 1
github.com/xsqrty/op/delete.go:31.14,32.38 1 1
github.com/xsqrty/op/delete.go:33.13,34.17 1 1
github.com/xsqrty/op/delete.go:35.10,37.12 2 1
github.com/xsqrty/op/delete.go:40.2,40.11 1 1
github.com/xsqrty/op/delete.go:43.64,44.16 1 1
github.com/xsqrty/op/delete.go:44.16,46.3 1 1
github.com/xsqrty/op/delete.go:48.2,48.11 1 1
github.com/xsqrty/op/delete.go:51.63,53.16 2 1
github.com/xsqrty/op/delete.go:53.16,55.3 1 1
github.com/xsqrty/op/delete.go:57.2,57.11 1 1
github.com/xsqrty/op/delete.go:60.89,61.19 1 1
github.com/xsqrty/op/delete.go:61.19,63.3 1 1
github.com/xsqrty/op/delete.go:65.2,70.16 5 1
github.com/xsqrty/op/delete.go:70.16,72.3 1 1
github.com/xsqrty/op/delete.go:74.2,77.23 3 1
github.com/xsqrty/op/delete.go:77.23,80.17 3 1
github.com/xsqrty/op/delete.go:80.17,82.4 1 1
github.com/xsqrty/op/delete.go:84.3,85.23 2 1
github.com/xsqrty/op/delete.go:88.2,88.31 1 1
github.com/xsqrty/op/delete.go:88.31,91.17 3 1
github.com/xsqrty/op/delete.go:91.17,93.4 1 1
github.com/xsqrty/op/delete.go:95.3,96.26 2 1
github.com/xsqrty/op/delete.go:99.2,99.32 1 1
github.com/xsqrty/op/delete.go:102.47,102.48 0 1
github.com/xsqrty/op/delete.go:104.40,106.2 1 1
github.com/xsqrty/op/delete.go:108.49,110.2 1 1
github.com/xsqrty/op/delete.go:112.49,114.2 1 1
github.com/xsqrty/op/delete.go:116.57,118.2 1 1
github.com/xsqrty/op/delete.go:120.60,122.2 1 1
github.com/xsqrty/op/delete.go:124.57,126.29 2 1
github.com/xsqrty/op/delete.go:126.29,127.30 1 1
github.com/xsqrty/op/delete.go:128.15,129.73 1 1
github.com/xsqrty/op/delete.go:130.14,131.52 1 1
github.com/xsqrty/op/delete.go:132.11,133.84 1 1
github.com/xsqrty/op/delete.go:137.2,137.12 1 1
github.com/xsqrty/op/exec.go:21.43,23.2 1 0
github.com/xsqrty/op/exec.go:25.91,27.16 2 0
github.com/xsqrty/op/exec.go:27.16,29.3 1 0
github.com/xsqrty/op/exec.go:31.2,31.35 1 0
github.com/xsqrty/op/func.go:19.50,21.2 1 1
github.com/xsqrty/op/func.go:23.71,25.2 1 1
github.com/xsqrty/op/func.go:27.45,29.2 1 1
github.com/xsqrty/op/func.go:31.41,33.2 1 1
github.com/xsqrty/op/func.go:35.41,37.2 1 1
github.com/xsqrty/op/func.go:39.39,41.2 1 1
github.com/xsqrty/op/func.go:43.41,45.2 1 1
github.com/xsqrty/op/func.go:47.34,49.2 1 1
github.com/xsqrty/op/func.go:51.34,53.2 1 1
github.com/xsqrty/op/func.go:55.32,57.2 1 1
github.com/xsqrty/op/func.go:59.32,61.2 1 1
github.com/xsqrty/op/func.go:63.32,65.2 1 1
github.com/xsqrty/op/func.go:67.32,69.2 1 1
github.com/xsqrty/op/func.go:71.32,73.2 1 1
github.com/xsqrty/op/func.go:75.34,77.2 1 1
github.com/xsqrty/op/func.go:79.42,81.2 1 1
github.com/xsqrty/op/func.go:83.69,85.16 2 1
github.com/xsqrty/op/func.go:85.16,87.3 1 1
github.com/xsqrty/op/func.go:89.2,90.20 2 1
github.com/xsqrty/op/func.go:90.20,92.3 1 1
github.com/xsqrty/op/func.go:94.2,94.64 1 1
github.com/xsqrty/op/func.go:97.70,98.31 1 1
github.com/xsqrty/op/func.go:98.31,100.3 1 1
github.com/xsqrty/op/func.go:102.2,103.27 2 1
github.com/xsqrty/op/func.go:104.14,105.20 1 1
github.com/xsqrty/op/func.go:106.20,107.12 1 1
github.com/xsqrty/op/func.go:108.10,109.26 1 1
github.com/xsqrty/op/func.go:112.2,113.16 2 1
github.com/xsqrty/op/func.go:113.16,115.3 1 1
github.com/xsqrty/op/func.go:117.2,117.50 1 1
github.com/xsqrty/op/func.go:120.75,121.33 1 1
github.com/xsqrty/op/func.go:121.33,123.3 1 1
github.com/xsqrty/op/func.go:125.2,125.38 1 1
github.com/xsqrty/op/func.go:128.54,129.33 1 1
github.com/xsqrty/op/func.go:129.33,131.3 1 1
github.com/xsqrty/op/func.go:133.2,133.24 1 1
github.com/xsqrty/op/func.go:136.59,137.27 1 1
github.com/xsqrty/op/func.go:137.27,138.34 1 1
github.com/xsqrty/op/func.go:138.34,140.4 1 1
github.com/xsqrty/op/func.go:143.2,143.28 1 1
github.com/xsqrty/op/group.go:17.69,19.2 1 1
github.com/xsqrty/op/group.go:21.68,23.2 1 1
github.com/xsqrty/op/group.go:25.102,30.10 4 1
github.com/xsqrty/op/group.go:30.10,32.3 1 1
github.com/xsqrty/op/group.go:34.2,34.22 1 1
github.com/xsqrty/op/group.go:34.22,36.17 2 1
github.com/xsqrty/op/group.go:36.17,38.4 1 1
github.com/xsqrty/op/group.go:40.3,41.20 2 1
github.com/xsqrty/op/group.go:41.20,43.4 1 1
github.com/xsqrty/op/group.go:45.3,45.43 1 1
github.com/xsqrty/op/group.go:48.2,48.10 1 1
github.com/xsqrty/op/group.go:48.10,50.3 1 1
github.com/xsqrty/op/group.go:52.2,52.38 1 1
github.com/xsqrty/op/insert.go:39.41,44.2 3 1
github.com/xsqrty/op/insert.go:46.58,52.2 4 1
github.com/xsqrty/op/insert.go:54.67,56.30 2 1
github.com/xsqrty/op/insert.go:56.30,58.3 1 1
github.com/xsqrty/op/insert.go:60.2,60.11 1 1
github.com/xsqrty/op/insert.go:63.62,66.2 2 1
github.com/xsqrty/op/insert.go:68.80,70.30 2 1
github.com/xsqrty/op/insert.go:71.14,72.41 1 1
github.com/xsqrty/op/insert.go:73.13,74.20 1 1
github.com/xsqrty/op/insert.go:75.10,77.12 2 1
github.com/xsqrty/op/insert.go:80.2,81.11 2 1
github.com/xsqrty/op/insert.go:84.63,86.16 2 1
github.com/xsqrty/op/insert.go:86.16,88.3 1 1
github.com/xsqrty/op/insert.go:90.2,90.11 1 1
github.com/xsqrty/op/insert.go:93.89,94.19 1 1
github.com/xsqrty/op/insert.go:94.19,96.3 1 1
github.com/xsqrty/op/insert.go:98.2,98.32 1 1
github.com/xsqrty/op/insert.go:98.32,100.3 1 1
github.com/xsqrty/op/insert.go:102.2,102.32 1 1
github.com/xsqrty/op/insert.go:102.32,104.3 1 1
github.com/xsqrty/op/insert.go:106.2,111.16 5 1
github.com/xsqrty/op/insert.go:111.16,113.3 1 1
github.com/xsqrty/op/insert.go:115.2,119.16 5 1
github.com/xsqrty/op/insert.go:119.16,121.3 1 1
github.com/xsqrty/op/insert.go:123.2,127.31 4 1
github.com/xsqrty/op/insert.go:127.31,129.35 2 1
github.com/xsqrty/op/insert.go:129.35,132.18 3 1
github.com/xsqrty/op/insert.go:132.18,134.5 1 1
github.com/xsqrty/op/insert.go:136.4,140.36 4 1
github.com/xsqrty/op/insert.go:140.36,142.5 1 1
github.com/xsqrty/op/insert.go:146.2,146.26 1 1
github.com/xsqrty/op/insert.go:146.26,149.17 3 1
github.com/xsqrty/op/insert.go:149.17,151.4 1 1
github.com/xsqrty/op/insert.go:153.3,157.17 5 1
github.com/xsqrty/op/insert.go:157.17,159.4 1 1
github.com/xsqrty/op/insert.go:161.3,162.26 2 1
github.com/xsqrty/op/insert.go:165.2,165.31 1 1
github.com/xsqrty/op/insert.go:165.31,168.17 3 1
github.com/xsqrty/op/insert.go:168.17,170.4 1 1
github.com/xsqrty/op/insert.go:172.3,173.26 2 1
github.com/xsqrty/op/insert.go:176.2,176.32 1 1
github.com/xsqrty/op/insert.go:179.47,179.48 0 1
github.com/xsqrty/op/insert.go:181.40,183.2 1 1
github.com/xsqrty/op/insert.go:185.49,187.2 1 1
github.com/xsqrty/op/insert.go:189.49,191.2 1 1
github.com/xsqrty/op/insert.go:193.57,195.2 1 1
github.com/xsqrty/op/insert.go:197.60,199.2 1 1
github.com/xsqrty/op/insert.go:201.57,203.29 2 1
github.com/xsqrty/op/insert.go:203.29,204.30 1 1
github.com/xsqrty/op/insert.go:205.15,206.73 1 1
github.com/xsqrty/op/insert.go:207.14,208.52 1 1
github.com/xsqrty/op/insert.go:209.11,210.84 1 1
github.com/xsqrty/op/insert.go:214.2,214.12 1 1
github.com/xsqrty/op/insert.go:217.60,222.34 4 1
github.com/xsqrty/op/insert.go:222.34,225.3 2 1
github.com/xsqrty/op/insert.go:227.2,227.51 1 1
github.com/xsqrty/op/insert.go:230.44,231.28 1 1
github.com/xsqrty/op/insert.go:232.14,233.37 1 1
github.com/xsqrty/op/insert.go:234.13,235.16 1 1
github.com/xsqrty/op/insert.go:236.10,237.84 1 1
github.com/xsqrty/op/list.go:10.70,12.2 1 1
github.com/xsqrty/op/list.go:14.106,18.22 3 1
github.com/xsqrty/op/list.go:18.22,20.15 2 1
github.com/xsqrty/op/list.go:20.15,21.38 1 1
github.com/xsqrty/op/list.go:21.38,23.5 1 1
github.com/xsqrty/op/list.go:26.3,26.31 1 1
github.com/xsqrty/op/list.go:27.21,29.18 2 1
github.com/xsqrty/op/list.go:29.18,31.5 1 1
github.com/xsqrty/op/list.go:33.4,34.24 2 1
github.com/xsqrty/op/list.go:35.11,37.37 2 1
github.com/xsqrty/op/list.go:40.3,40.23 1 1
github.com/xsqrty/op/list.go:40.23,42.4 1 1
github.com/xsqrty/op/list.go:45.2,45.32 1 1
github.com/xsqrty/op/math.go:13.36,15.2 1 1
github.com/xsqrty/op/math.go:17.36,19.2 1 1
github.com/xsqrty/op/math.go:21.36,23.2 1 1
github.com/xsqrty/op/math.go:25.36,27.2 1 1
github.com/xsqrty/op/math.go:29.79,32.2 2 1
github.com/xsqrty/op/model.go:35.92,38.38 2 0
github.com/xsqrty/op/model.go:38.38,39.39 1 0
github.com/xsqrty/op/model.go:39.39,40.52 1 0
github.com/xsqrty/op/model.go:40.52,42.5 1 0
github.com/xsqrty/op/model.go:46.2,46.16 1 0
github.com/xsqrty/op/model.go:49.107,51.27 2 0
github.com/xsqrty/op/model.go:51.27,54.10 3 0
github.com/xsqrty/op/model.go:54.10,56.4 1 0
github.com/xsqrty/op/model.go:58.3,58.24 1 0
github.com/xsqrty/op/model.go:61.2,61.21 1 0
github.com/xsqrty/op/model.go:64.71,68.25 3 0
github.com/xsqrty/op/model.go:68.25,70.3 1 0
github.com/xsqrty/op/model.go:72.2,72.17 1 0
github.com/xsqrty/op/model.go:72.17,74.3 1 0
github.com/xsqrty/op/model.go:76.2,78.34 3 0
github.com/xsqrty/op/model.go:78.34,80.3 1 0
github.com/xsqrty/op/model.go:82.2,82.45 1 0
github.com/xsqrty/op/model.go:82.45,84.3 1 0
github.com/xsqrty/op/model.go:86.2,94.16 3 0
github.com/xsqrty/op/model.go:94.16,96.3 1 0
github.com/xsqrty/op/model.go:98.2,99.20 2 0
github.com/xsqrty/op/model.go:102.92,104.38 2 0
github.com/xsqrty/op/model.go:104.38,110.38 5 0
github.com/xsqrty/op/model.go:110.38,111.12 1 0
github.com/xsqrty/op/model.go:114.3,119.37 5 0
github.com/xsqrty/op/model.go:119.37,120.24 1 0
github.com/xsqrty/op/model.go:120.24,122.5 1 0
github.com/xsqrty/op/model.go:124.4,124.30 1 0
github.com/xsqrty/op/model.go:127.3,127.52 1 0
github.com/xsqrty/op/model.go:127.52,129.18 2 0
github.com/xsqrty/op/model.go:129.18,131.5 1 0
github.com/xsqrty/op/model.go:133.4,133.12 1 0
github.com/xsqrty/op/model.go:136.3,137.19 2 0
github.com/xsqrty/op/model.go:137.19,139.4 1 0
github.com/xsqrty/op/model.go:141.3,142.42 2 0
github.com/xsqrty/op/model.go:142.42,144.4 1 0
github.com/xsqrty/op/model.go:146.3,149.16 4 0
github.com/xsqrty/op/model.go:149.16,152.4 2 0
github.com/xsqrty/op/model.go:155.2,155.12 1 0
github.com/xsqrty/op/model.go:158.107,160.35 2 0
github.com/xsqrty/op/model.go:160.35,162.3 1 0
github.com/xsqrty/op/model.go:164.2,164.21 1 0
github.com/xsqrty/op/model.go:164.21,166.3 1 0
github.com/xsqrty/op/model.go:168.2,170.27 3 0
github.com/xsqrty/op/model.go:170.27,171.37 1 0
github.com/xsqrty/op/model.go:171.37,173.42 2 0
github.com/xsqrty/op/model.go:173.42,175.36 2 0
github.com/xsqrty/op/model.go:175.36,176.23 1 0
github.com/xsqrty/op/model.go:176.23,178.7 1 0
github.com/xsqrty/op/model.go:179.6,179.26 1 0
github.com/xsqrty/op/model.go:183.4,183.35 1 0
github.com/xsqrty/op/model.go:183.35,184.22 1 0
github.com/xsqrty/op/model.go:184.22,186.6 1 0
github.com/xsqrty/op/model.go:188.5,189.13 2 0
github.com/xsqrty/op/model.go:190.10,192.13 2 0
github.com/xsqrty/op/model.go:196.3,196.53 1 0
github.com/xsqrty/op/model.go:199.2,199.20 1 0
github.com/xsqrty/op/model.go:202.88,204.16 2 0
github.com/xsqrty/op/model.go:204.16,206.3 1 0
github.com/xsqrty/op/model.go:208.2,210.26 3 0
github.com/xsqrty/op/model.go:210.26,212.39 2 0
github.com/xsqrty/op/model.go:212.39,213.41 1 0
github.com/xsqrty/op/model.go:213.41,216.5 2 0
github.com/xsqrty/op/model.go:219.3,220.17 2 0
github.com/xsqrty/op/model.go:220.17,222.4 1 0
github.com/xsqrty/op/model.go:223.8,224.40 1 0
github.com/xsqrty/op/model.go:224.40,227.46 2 0
github.com/xsqrty/op/model.go:227.46,229.26 2 0
github.com/xsqrty/op/model.go:229.26,231.6 1 0
github.com/xsqrty/op/model.go:231.11,231.32 1 0
github.com/xsqrty/op/model.go:231.32,233.6 1 0
github.com/xsqrty/op/model.go:235.5,236.31 2 0
github.com/xsqrty/op/model.go:236.31,238.6 1 0
github.com/xsqrty/op/model.go:241.4,241.35 1 0
github.com/xsqrty/op/model.go:245.2,245.24 1 0
github.com/xsqrty/op/oper.go:15.42,17.2 1 1
github.com/xsqrty/op/oper.go:19.45,21.2 1 1
github.com/xsqrty/op/oper.go:23.43,25.2 1 1
github.com/xsqrty/op/oper.go:27.46,29.2 1 1
github.com/xsqrty/op/oper.go:31.40,33.2 1 1
github.com/xsqrty/op/oper.go:35.40,37.2 1 1
github.com/xsqrty/op/oper.go:39.41,41.2 1 1
github.com/xsqrty/op/oper.go:43.41,45.2 1 1
github.com/xsqrty/op/oper.go:47.40,48.16 1 1
github.com/xsqrty/op/oper.go:48.16,50.3 1 1
github.com/xsqrty/op/oper.go:52.2,52.55 1 1
github.com/xsqrty/op/oper.go:55.40,56.16 1 1
github.com/xsqrty/op/oper.go:56.16,58.3 1 1
github.com/xsqrty/op/oper.go:60.2,60.56 1 1
github.com/xsqrty/op/oper.go:63.40,65.2 1 1
github.com/xsqrty/op/oper.go:67.40,69.2 1 1
github.com/xsqrty/op/oper.go:71.53,73.2 1 1
github.com/xsqrty/op/oper.go:75.55,77.2 1 1
github.com/xsqrty/op/oper.go:79.49,81.2 1 1
github.com/xsqrty/op/oper.go:83.50,85.2 1 1
github.com/xsqrty/op/oper.go:87.46,89.2 1 1
github.com/xsqrty/op/oper.go:91.47,93.2 1 1
github.com/xsqrty/op/oper.go:95.76,97.16 2 1
github.com/xsqrty/op/oper.go:97.16,99.3 1 1
github.com/xsqrty/op/oper.go:101.2,101.21 1 1
github.com/xsqrty/op/oper.go:101.21,103.3 1 1
github.com/xsqrty/op/oper.go:105.2,106.16 2 1
github.com/xsqrty/op/oper.go:106.16,108.3 1 1
github.com/xsqrty/op/oper.go:110.2,111.18 2 1
github.com/xsqrty/op/oper.go:111.18,113.3 1 1
github.com/xsqrty/op/oper.go:115.2,115.115 1 1
github.com/xsqrty/op/paginate.go:79.99,90.2 1 0
github.com/xsqrty/op/paginate.go:92.92,96.36 3 0
github.com/xsqrty/op/paginate.go:96.36,98.3 1 0
github.com/xsqrty/op/paginate.go:98.8,98.43 1 0
github.com/xsqrty/op/paginate.go:98.43,100.3 1 0
github.com/xsqrty/op/paginate.go:102.2,103.16 2 0
github.com/xsqrty/op/paginate.go:103.16,105.3 1 0
github.com/xsqrty/op/paginate.go:107.2,108.16 2 0
github.com/xsqrty/op/paginate.go:108.16,110.3 1 0
github.com/xsqrty/op/paginate.go:112.2,118.91 6 0
github.com/xsqrty/op/paginate.go:118.91,119.18 1 0
github.com/xsqrty/op/paginate.go:119.18,121.4 1 0
github.com/xsqrty/op/paginate.go:123.2,123.16 1 0
github.com/xsqrty/op/paginate.go:123.16,125.3 1 0
github.com/xsqrty/op/paginate.go:127.2,129.16 3 0
github.com/xsqrty/op/paginate.go:129.16,131.3 1 0
github.com/xsqrty/op/paginate.go:133.2,134.16 2 0
github.com/xsqrty/op/paginate.go:134.16,136.3 1 0
github.com/xsqrty/op/paginate.go:138.2,141.8 1 0
github.com/xsqrty/op/paginate.go:144.59,147.2 2 0
github.com/xsqrty/op/paginate.go:149.64,152.2 2 0
github.com/xsqrty/op/paginate.go:154.60,157.2 2 0
github.com/xsqrty/op/paginate.go:159.60,162.2 2 0
github.com/xsqrty/op/paginate.go:164.62,167.2 2 0
github.com/xsqrty/op/paginate.go:169.65,172.2 2 0
github.com/xsqrty/op/paginate.go:174.65,178.2 3 0
github.com/xsqrty/op/paginate.go:180.73,183.2 2 0
github.com/xsqrty/op/paginate.go:185.77,188.2 2 0
github.com/xsqrty/op/paginate.go:190.78,193.2 2 0
github.com/xsqrty/op/paginate.go:195.78,198.2 2 0
github.com/xsqrty/op/paginate.go:200.78,203.2 2 0
github.com/xsqrty/op/paginate.go:205.60,208.2 2 0
github.com/xsqrty/op/paginate.go:210.93,211.20 1 0
github.com/xsqrty/op/paginate.go:211.20,213.3 1 0
github.com/xsqrty/op/paginate.go:215.2,215.26 1 0
github.com/xsqrty/op/paginate.go:215.26,217.3 1 0
github.com/xsqrty/op/paginate.go:219.2,220.33 2 0
github.com/xsqrty/op/paginate.go:220.33,221.49 1 0
github.com/xsqrty/op/paginate.go:221.49,223.4 1 0
github.com/xsqrty/op/paginate.go:225.3,226.17 2 0
github.com/xsqrty/op/paginate.go:226.17,228.4 1 0
github.com/xsqrty/op/paginate.go:230.3,230.36 1 0
github.com/xsqrty/op/paginate.go:233.2,233.32 1 0
github.com/xsqrty/op/paginate.go:233.32,235.17 2 0
github.com/xsqrty/op/paginate.go:235.17,237.4 1 0
github.com/xsqrty/op/paginate.go:239.3,239.27 1 0
github.com/xsqrty/op/paginate.go:239.27,241.4 1 0
github.com/xsqrty/op/paginate.go:244.2,244.22 1 0
github.com/xsqrty/op/paginate.go:244.22,246.3 1 0
github.com/xsqrty/op/paginate.go:248.2,248.27 1 0
github.com/xsqrty/op/paginate.go:248.27,250.3 1 0
github.com/xsqrty/op/paginate.go:252.2,252.25 1 0
github.com/xsqrty/op/paginate.go:255.77,257.24 2 0
github.com/xsqrty/op/paginate.go:257.24,258.40 1 0
github.com/xsqrty/op/paginate.go:258.40,260.4 1 0
github.com/xsqrty/op/paginate.go:262.3,262.21 1 0
github.com/xsqrty/op/paginate.go:262.21,264.4 1 0
github.com/xsqrty/op/paginate.go:264.9,266.4 1 0
github.com/xsqrty/op/paginate.go:269.2,269.20 1 0
github.com/xsqrty/op/paginate.go:272.56,273.37 1 0
github.com/xsqrty/op/paginate.go:273.37,274.15 1 0
github.com/xsqrty/op/paginate.go:274.15,276.4 1 0
github.com/xsqrty/op/paginate.go:279.2,279.14 1 0
github.com/xsqrty/op/paginate.go:282.62,283.25 1 0
github.com/xsqrty/op/paginate.go:284.12,285.43 1 0
github.com/xsqrty/op/paginate.go:286.12,287.43 1 0
github.com/xsqrty/op/paginate.go:288.12,289.43 1 0
github.com/xsqrty/op/paginate.go:290.12,291.43 1 0
github.com/xsqrty/op/paginate.go:292.13,293.44 1 0
github.com/xsqrty/op/paginate.go:294.13,295.44 1 0
github.com/xsqrty/op/paginate.go:296.12,297.40 1 0
github.com/xsqrty/op/paginate.go:297.40,299.4 1 0
github.com/xsqrty/op/paginate.go:301.3,301.75 1 0
github.com/xsqrty/op/paginate.go:302.14,303.66 1 0
github.com/xsqrty/op/paginate.go:304.18,305.62 1 0
github.com/xsqrty/op/paginate.go:306.20,307.62 1 0
github.com/xsqrty/op/paginate.go:310.2,310.72 1 0
github.com/xsqrty/op/paginate.go:313.39,315.34 2 0
github.com/xsqrty/op/paginate.go:315.34,318.21 2 0
github.com/xsqrty/op/paginate.go:318.21,320.4 1 0
github.com/xsqrty/op/paginate.go:320.9,322.4 1 0
github.com/xsqrty/op/paginate.go:325.2,325.21 1 0
github.com/xsqrty/op/put.go:18.55,23.2 1 0
github.com/xsqrty/op/put.go:25.64,27.16 2 0
github.com/xsqrty/op/put.go:27.16,29.3 1 0
github.com/xsqrty/op/put.go:31.2,32.9 2 0
github.com/xsqrty/op/put.go:32.9,34.3 1 0
github.com/xsqrty/op/put.go:36.2,37.16 2 0
github.com/xsqrty/op/put.go:37.16,39.3 1 0
github.com/xsqrty/op/put.go:41.2,42.16 2 0
github.com/xsqrty/op/put.go:42.16,44.3 1 0
github.com/xsqrty/op/put.go:46.2,48.24 3 0
github.com/xsqrty/op/put.go:48.24,49.105 1 0
github.com/xsqrty/op/put.go:49.105,50.12 1 0
github.com/xsqrty/op/put.go:53.3,54.43 2 0
github.com/xsqrty/op/put.go:57.2,58.24 2 0
github.com/xsqrty/op/put.go:58.24,60.3 1 0
github.com/xsqrty/op/put.go:62.2,62.27 1 0
github.com/xsqrty/op/put.go:62.27,64.3 1 0
github.com/xsqrty/op/put.go:66.2,69.16 4 0
github.com/xsqrty/op/put.go:69.16,71.3 1 0
github.com/xsqrty/op/put.go:73.2,74.12 2 0
github.com/xsqrty/op/query.go:44.51,50.2 1 0
github.com/xsqrty/op/query.go:52.74,55.16 3 0
github.com/xsqrty/op/query.go:55.16,57.3 1 0
github.com/xsqrty/op/query.go:59.2,60.16 2 0
github.com/xsqrty/op/query.go:60.16,62.3 1 0
github.com/xsqrty/op/query.go:64.2,66.16 3 0
github.com/xsqrty/op/query.go:66.16,68.3 1 0
github.com/xsqrty/op/query.go:70.2,71.16 2 0
github.com/xsqrty/op/query.go:71.16,73.3 1 0
github.com/xsqrty/op/query.go:75.2,75.20 1 0
github.com/xsqrty/op/query.go:78.77,82.16 3 0
github.com/xsqrty/op/query.go:82.16,84.3 1 0
github.com/xsqrty/op/query.go:86.2,87.16 2 0
github.com/xsqrty/op/query.go:87.16,89.3 1 0
github.com/xsqrty/op/query.go:91.2,92.16 2 0
github.com/xsqrty/op/query.go:92.16,94.3 1 0
github.com/xsqrty/op/query.go:95.2,97.34 2 0
github.com/xsqrty/op/query.go:97.34,100.17 3 0
github.com/xsqrty/op/query.go:100.17,102.4 1 0
github.com/xsqrty/op/query.go:104.3,105.17 2 0
github.com/xsqrty/op/query.go:105.17,107.4 1 0
github.com/xsqrty/op/query.go:109.3,110.17 2 0
github.com/xsqrty/op/query.go:110.17,112.4 1 0
github.com/xsqrty/op/query.go:114.3,114.32 1 0
github.com/xsqrty/op/query.go:117.2,117.35 1 0
github.com/xsqrty/op/query.go:117.35,119.3 1 0
github.com/xsqrty/op/query.go:121.2,121.20 1 0
github.com/xsqrty/op/query.go:124.72,131.2 2 0
github.com/xsqrty/op/query.go:133.72,136.2 2 0
github.com/xsqrty/op/query.go:138.44,140.19 2 0
github.com/xsqrty/op/query.go:140.19,142.3 1 0
github.com/xsqrty/op/query.go:144.2,144.26 1 0
github.com/xsqrty/op/query.go:144.26,146.37 2 0
github.com/xsqrty/op/query.go:146.37,148.4 1 0
github.com/xsqrty/op/query.go:151.2,151.14 1 0
github.com/xsqrty/op/select.go:91.42,96.2 3 1
github.com/xsqrty/op/select.go:98.51,100.2 1 1
github.com/xsqrty/op/select.go:102.46,104.2 1 1
github.com/xsqrty/op/select.go:106.74,109.2 2 1
github.com/xsqrty/op/select.go:111.55,112.28 1 1
github.com/xsqrty/op/select.go:113.14,116.12 3 1
github.com/xsqrty/op/select.go:117.13,119.12 2 1
github.com/xsqrty/op/select.go:122.2,123.11 2 1
github.com/xsqrty/op/select.go:126.64,127.16 1 1
github.com/xsqrty/op/select.go:127.16,129.3 1 1
github.com/xsqrty/op/select.go:131.2,131.11 1 1
github.com/xsqrty/op/select.go:134.65,135.16 1 1
github.com/xsqrty/op/select.go:135.16,137.3 1 1
github.com/xsqrty/op/select.go:139.2,139.11 1 1
github.com/xsqrty/op/select.go:142.76,145.2 2 1
github.com/xsqrty/op/select.go:147.80,150.2 2 1
github.com/xsqrty/op/select.go:152.81,155.2 2 1
github.com/xsqrty/op/select.go:157.81,160.2 2 1
github.com/xsqrty/op/select.go:162.81,165.2 2 1
github.com/xsqrty/op/select.go:167.60,170.2 2 1
github.com/xsqrty/op/select.go:172.62,175.2 2 1
github.com/xsqrty/op/select.go:177.63,178.24 1 1
github.com/xsqrty/op/select.go:178.24,179.32 1 1
github.com/xsqrty/op/select.go:180.15,181.46 1 1
github.com/xsqrty/op/select.go:182.21,183.38 1 1
github.com/xsqrty/op/select.go:184.11,186.13 2 1
github.com/xsqrty/op/select.go:189.2,189.11 1 1
github.com/xsqrty/op/select.go:192.65,195.2 2 1
github.com/xsqrty/op/select.go:197.94,198.19 1 1
github.com/xsqrty/op/select.go:198.19,201.3 2 1
github.com/xsqrty/op/select.go:203.2,205.27 3 1
github.com/xsqrty/op/select.go:205.27,208.3 2 1
github.com/xsqrty/op/select.go:210.2,210.24 1 1
github.com/xsqrty/op/select.go:210.24,212.17 2 1
github.com/xsqrty/op/select.go:212.17,214.4 1 1
github.com/xsqrty/op/select.go:216.3,218.23 3 1
github.com/xsqrty/op/select.go:219.8,221.3 1 1
github.com/xsqrty/op/select.go:223.2,223.20 1 1
github.com/xsqrty/op/select.go:223.20,226.17 3 1
github.com/xsqrty/op/select.go:226.17,228.4 1 1
github.com/xsqrty/op/select.go:230.3,231.23 2 1
github.com/xsqrty/op/select.go:234.2,234.23 1 1
github.com/xsqrty/op/select.go:234.23,235.27 1 1
github.com/xsqrty/op/select.go:235.27,238.18 3 1
github.com/xsqrty/op/select.go:238.18,240.5 1 1
github.com/xsqrty/op/select.go:242.4,245.32 3 1
github.com/xsqrty/op/select.go:245.32,247.5 1 1
github.com/xsqrty/op/select.go:249.4,251.18 3 1
github.com/xsqrty/op/select.go:251.18,253.5 1 1
github.com/xsqrty/op/select.go:255.4,256.24 2 1
github.com/xsqrty/op/select.go:260.2,260.23 1 1
github.com/xsqrty/op/select.go:260.23,263.17 3 1
github.com/xsqrty/op/select.go:263.17,265.4 1 1
github.com/xsqrty/op/select.go:267.3,268.23 2 1
github.com/xsqrty/op/select.go:271.2,271.25 1 1
github.com/xsqrty/op/select.go:271.25,274.17 3 1
github.com/xsqrty/op/select.go:274.17,276.4 1 1
github.com/xsqrty/op/select.go:278.3,279.23 2 1
github.com/xsqrty/op/select.go:282.2,282.24 1 1
github.com/xsqrty/op/select.go:282.24,285.17 3 1
github.com/xsqrty/op/select.go:285.17,287.4 1 1
github.com/xsqrty/op/select.go:289.3,290.23 2 1
github.com/xsqrty/op/select.go:293.2,293.24 1 1
github.com/xsqrty/op/select.go:293.24,296.17 3 1
github.com/xsqrty/op/select.go:296.17,298.4 1 1
github.com/xsqrty/op/select.go:300.3,301.23 2 1
github.com/xsqrty/op/select.go:304.2,304.18 1 1
github.com/xsqrty/op/select.go:304.18,306.17 2 1
github.com/xsqrty/op/select.go:306.17,308.4 1 0
github.com/xsqrty/op/select.go:310.3,311.23 2 1
github.com/xsqrty/op/select.go:314.2,314.19 1 1
github.com/xsqrty/op/select.go:314.19,316.17 2 1
github.com/xsqrty/op/select.go:316.17,318.4 1 0
github.com/xsqrty/op/select.go:320.3,321.23 2 1
github.com/xsqrty/op/select.go:324.2,324.32 1 1
github.com/xsqrty/op/select.go:327.46,329.2 1 1
github.com/xsqrty/op/select.go:331.40,333.2 1 1
github.com/xsqrty/op/select.go:335.49,340.26 4 1
github.com/xsqrty/op/select.go:340.26,342.3 1 1
github.com/xsqrty/op/select.go:344.2,344.20 1 1
github.com/xsqrty/op/select.go:347.49,349.2 1 1
github.com/xsqrty/op/select.go:351.57,353.2 1 1
github.com/xsqrty/op/select.go:355.60,357.2 1 1
github.com/xsqrty/op/select.go:359.56,361.24 2 1
github.com/xsqrty/op/select.go:361.24,362.34 1 1
github.com/xsqrty/op/select.go:363.15,364.59 1 1
github.com/xsqrty/op/select.go:365.14,366.38 1 1
github.com/xsqrty/op/select.go:367.11,368.88 1 1
github.com/xsqrty/op/select.go:372.2,372.12 1 1
github.com/xsqrty/op/select.go:375.58,376.29 1 1
github.com/xsqrty/op/select.go:377.14,378.34 1 1
github.com/xsqrty/op/select.go:379.13,380.13 1 1
github.com/xsqrty/op/select.go:381.10,383.13 2 1
github.com/xsqrty/op/select.go:387.29,393.2 1 1
github.com/xsqrty/op/select.go:395.38,401.2 1 1
github.com/xsqrty/op/select.go:403.39,409.2 1 1
github.com/xsqrty/op/select.go:411.28,417.2 1 1
github.com/xsqrty/op/select.go:419.37,425.2 1 1
github.com/xsqrty/op/select.go:427.38,433.2 1 1
github.com/xsqrty/op/select.go:435.72,437.16 2 1
github.com/xsqrty/op/select.go:437.16,439.3 1 1
github.com/xsqrty/op/select.go:441.2,441.57 1 1
github.com/xsqrty/op/select.go:441.57,443.3 1 1
github.com/xsqrty/op/select.go:445.2,445.30 1 1
github.com/xsqrty/op/select.go:445.30,447.3 1 1
github.com/xsqrty/op/select.go:449.2,449.23 1 1
github.com/xsqrty/op/select.go:452.30,454.2 1 1
github.com/xsqrty/op/select.go:456.44,458.2 1 1
github.com/xsqrty/op/select.go:460.39,462.2 1 1
github.com/xsqrty/op/select.go:464.41,465.11 1 1
github.com/xsqrty/op/select.go:466.17,467.22 1 1
github.com/xsqrty/op/select.go:468.18,469.23 1 1
github.com/xsqrty/op/select.go:472.2,472.11 1 1
github.com/xsqrty/op/select.go:475.36,476.11 1 1
github.com/xsqrty/op/select.go:477.16,478.15 1 1
github.com/xsqrty/op/select.go:479.17,480.16 1 1
github.com/xsqrty/op/select.go:483.2,483.11 1 1
github.com/xsqrty/op/select.go:486.35,487.11 1 1
github.com/xsqrty/op/select.go:488.16,489.21 1 1
github.com/xsqrty/op/select.go:490.17,491.22 1 1
github.com/xsqrty/op/select.go:492.17,493.22 1 1
github.com/xsqrty/op/select.go:494.17,495.22 1 1
github.com/xsqrty/op/select.go:498.2,498.15 1 1
github.com/xsqrty/op/update.go:32.55,34.18 2 1
github.com/xsqrty/op/update.go:34.18,35.30 1 1
github.com/xsqrty/op/update.go:36.15,37.39 1 1
github.com/xsqrty/op/update.go:38.14,39.18 1 1
github.com/xsqrty/op/update.go:40.11,42.13 2 1
github.com/xsqrty/op/update.go:46.2,47.11 2 1
github.com/xsqrty/op/update.go:50.64,51.16 1 1
github.com/xsqrty/op/update.go:51.16,53.3 1 1
github.com/xsqrty/op/update.go:55.2,55.11 1 1
github.com/xsqrty/op/update.go:58.63,60.16 2 1
github.com/xsqrty/op/update.go:60.16,62.3 1 1
github.com/xsqrty/op/update.go:64.2,64.11 1 1
github.com/xsqrty/op/update.go:67.89,68.19 1 1
github.com/xsqrty/op/update.go:68.19,70.3 1 1
github.com/xsqrty/op/update.go:72.2,72.30 1 1
github.com/xsqrty/op/update.go:72.30,74.3 1 1
github.com/xsqrty/op/update.go:76.2,80.21 4 1
github.com/xsqrty/op/update.go:80.21,82.17 2 1
github.com/xsqrty/op/update.go:82.17,84.4 1 1
github.com/xsqrty/op/update.go:86.3,88.21 3 1
github.com/xsqrty/op/update.go:91.2,93.16 3 1
github.com/xsqrty/op/update.go:93.16,95.3 1 1
github.com/xsqrty/op/update.go:97.2,100.23 3 1
github.com/xsqrty/op/update.go:100.23,103.17 3 1
github.com/xsqrty/op/update.go:103.17,105.4 1 1
github.com/xsqrty/op/update.go:107.3,108.23 2 1
github.com/xsqrty/op/update.go:111.2,111.31 1 1
github.com/xsqrty/op/update.go:111.31,114.17 3 1
github.com/xsqrty/op/update.go:114.17,116.4 1 1
github.com/xsqrty/op/update.go:118.3,119.26 2 1
github.com/xsqrty/op/update.go:122.2,122.32 1 1
github.com/xsqrty/op/update.go:125.47,125.48 0 1
github.com/xsqrty/op/update.go:127.40,129.2 1 1
github.com/xsqrty/op/update.go:131.49,133.2 1 1
github.com/xsqrty/op/update.go:135.49,137.2 1 1
github.com/xsqrty/op/update.go:139.57,141.2 1 1
github.com/xsqrty/op/update.go:143.60,145.2 1 1
github.com/xsqrty/op/update.go:147.57,149.22 2 1
github.com/xsqrty/op/update.go:149.22,150.32 1 1
github.com/xsqrty/op/update.go:151.15,152.73 1 1
github.com/xsqrty/op/update.go:153.14,154.52 1 1
github.com/xsqrty/op/update.go:155.11,156.86 1 1
github.com/xsqrty/op/update.go:160.2,160.12 1 1
github.com/xsqrty/op/update.go:163.54,167.32 3 1
github.com/xsqrty/op/update.go:167.32,169.28 2 1
github.com/xsqrty/op/update.go:170.21,171.48 1 1
github.com/xsqrty/op/update.go:172.11,173.89 1 1
github.com/xsqrty/op/utils.go:15.87,16.25 1 1
github.com/xsqrty/op/utils.go:17.14,18.44 1 1
github.com/xsqrty/op/utils.go:19.20,20.36 1 1
github.com/xsqrty/op/utils.go:21.10,22.62 1 1
github.com/xsqrty/op/utils.go:25.2,25.8 1 1
github.com/xsqrty/op/utils.go:28.87,29.35 1 1
github.com/xsqrty/op/utils.go:29.35,32.3 2 1
github.com/xsqrty/op/utils.go:34.2,34.50 1 1
github.com/xsqrty/op/utils.go:37.122,39.27 2 1
github.com/xsqrty/op/utils.go:39.27,41.17 2 1
github.com/xsqrty/op/utils.go:41.17,43.4 1 1
github.com/xsqrty/op/utils.go:45.3,46.17 2 1
github.com/xsqrty/op/utils.go:46.17,48.4 1 1
github.com/xsqrty/op/utils.go:50.3,57.23 6 1
github.com/xsqrty/op/utils.go:57.23,59.4 1 1
github.com/xsqrty/op/utils.go:62.2,62.32 1 1
github.com/xsqrty/op/utils.go:65.111,67.24 2 1
github.com/xsqrty/op/utils.go:67.24,69.17 2 1
github.com/xsqrty/op/utils.go:69.17,71.4 1 1
github.com/xsqrty/op/utils.go:73.3,76.25 3 1
github.com/xsqrty/op/utils.go:76.25,78.4 1 1
github.com/xsqrty/op/utils.go:81.2,81.32 1 1
github.com/xsqrty/op/testutil/options.go:8.45,15.61 1 0
github.com/xsqrty/op/testutil/options.go:15.61,17.4 1 0
github.com/xsqrty/op/testutil/test_case.go:19.79,20.30 1 0
github.com/xsqrty/op/testutil/test_case.go:20.30,21.36 1 0
github.com/xsqrty/op/testutil/test_case.go:21.36,24.27 3 0
github.com/xsqrty/op/testutil/test_case.go:24.27,26.5 1 0
github.com/xsqrty/op/testutil/test_case.go:28.4,29.27 2 0
github.com/xsqrty/op/testutil/test_case.go:29.27,31.5 1 0
github.com/xsqrty/op/testutil/test_case.go:31.10,33.5 1 0
github.com/xsqrty/op/testutil/test_case.go:35.4,35.31 1 0
github.com/xsqrty/op/testutil/test_case.go:35.31,36.37 1 0
github.com/xsqrty/op/testutil/test_case.go:36.37,37.49 1 0
github.com/xsqrty/op/testutil/test_case.go:37.49,38.29 1 0
github.com/xsqrty/op/testutil/test_case.go:38.29,40.8 1 0
github.com/xsqrty/op/testutil/test_case.go:43.6,43.18 1 0
github.com/xsqrty/op/testutil/test_case.go:45.10,47.5 1 0
github.com/xsqrty/op/testutil/test_case.go:49.4,49.41 1 0
